# JRE version: Java(TM) SE Runtime Environment (8.0_121-b13) (build 1.8.0_121-b13)
# Java VM: Java HotSpot(TM) Client VM (25.121-b13 mixed mode windows-x86 )
Heap:
 def new generation   total 157760K, used 545K [0x04600000, 0x0f120000, 0x19b50000)
  eden space 140288K,   0% used [0x04600000, 0x04688718, 0x0cf00000)
  from space 17472K,   0% used [0x0e010000, 0x0e010000, 0x0f120000)
  to   space 17472K,   0% used [0x0cf00000, 0x0cf00000, 0x0e010000)
 tenured generation   total 349568K, used 51222K [0x19b50000, 0x2f0b0000, 0x44600000)
   the space 349568K,  14% used [0x19b50000, 0x1cd55a88, 0x1cd55c00, 0x2f0b0000)
 Metaspace       used 11579K, capacity 11793K, committed 11904K, reserved 12672K
GC Heap History (10 events):
Event: 1914.174 GC heap after
Heap after GC invocations=105495 (full 105048):
 def new generation   total 157760K, used 0K [0x04600000, 0x0f120000, 0x19b50000)
  eden space 140288K,   0% used [0x04600000, 0x04600000, 0x0cf00000)
  from space 17472K,   0% used [0x0e010000, 0x0e010000, 0x0f120000)
  to   space 17472K,   0% used [0x0cf00000, 0x0cf00000, 0x0e010000)
 tenured generation   total 349568K, used 51217K [0x19b50000, 0x2f0b0000, 0x44600000)
   the space 349568K,  14% used [0x19b50000, 0x1cd54640, 0x1cd54800, 0x2f0b0000)
 Metaspace       used 11579K, capacity 11793K, committed 11904K, reserved 12672K
}
Event: 1914.174 GC heap before
{Heap before GC invocations=105495 (full 105048):
 def new generation   total 157760K, used 639K [0x04600000, 0x0f120000, 0x19b50000)
  eden space 140288K,   0% used [0x04600000, 0x0469fdd0, 0x0cf00000)
  from space 17472K,   0% used [0x0e010000, 0x0e010000, 0x0f120000)
  to   space 17472K,   0% used [0x0cf00000, 0x0cf00000, 0x0e010000)
 tenured generation   total 349568K, used 51217K [0x19b50000, 0x2f0b0000, 0x44600000)
   the space 349568K,  14% used [0x19b50000, 0x1cd54640, 0x1cd54800, 0x2f0b0000)
 Metaspace       used 11579K, capacity 11793K, committed 11904K, reserved 12672K
Event: 1914.225 GC heap after
Heap after GC invocations=105496 (full 105049):
 def new generation   total 157760K, used 0K [0x04600000, 0x0f120000, 0x19b50000)
  eden space 140288K,   0% used [0x04600000, 0x04600000, 0x0cf00000)
  from space 17472K,   0% used [0x0e010000, 0x0e010000, 0x0f120000)
  to   space 17472K,   0% used [0x0cf00000, 0x0cf00000, 0x0e010000)
 tenured generation   total 349568K, used 51217K [0x19b50000, 0x2f0b0000, 0x44600000)
   the space 349568K,  14% used [0x19b50000, 0x1cd54750, 0x1cd54800, 0x2f0b0000)
 Metaspace       used 11579K, capacity 11793K, committed 11904K, reserved 12672K
}
Event: 1914.226 GC heap before
{Heap before GC invocations=105496 (full 105049):
 def new generation   total 157760K, used 869K [0x04600000, 0x0f120000, 0x19b50000)
  eden space 140288K,   0% used [0x04600000, 0x046d9620, 0x0cf00000)
  from space 17472K,   0% used [0x0e010000, 0x0e010000, 0x0f120000)
  to   space 17472K,   0% used [0x0cf00000, 0x0cf00000, 0x0e010000)
 tenured generation   total 349568K, used 51217K [0x19b50000, 0x2f0b0000, 0x44600000)
   the space 349568K,  14% used [0x19b50000, 0x1cd54750, 0x1cd54800, 0x2f0b0000)
 Metaspace       used 11579K, capacity 11793K, committed 11904K, reserved 12672K
Event: 1914.278 GC heap after
Heap after GC invocations=105497 (full 105050):
 def new generation   total 157760K, used 0K [0x04600000, 0x0f120000, 0x19b50000)
  eden space 140288K,   0% used [0x04600000, 0x04600000, 0x0cf00000)
  from space 17472K,   0% used [0x0e010000, 0x0e010000, 0x0f120000)
  to   space 17472K,   0% used [0x0cf00000, 0x0cf00000, 0x0e010000)
 tenured generation   total 349568K, used 51235K [0x19b50000, 0x2f0b0000, 0x44600000)
   the space 349568K,  14% used [0x19b50000, 0x1cd58d00, 0x1cd58e00, 0x2f0b0000)
 Metaspace       used 11579K, capacity 11793K, committed 11904K, reserved 12672K
}
Event: 1914.279 GC heap before
{Heap before GC invocations=105497 (full 105050):
 def new generation   total 157760K, used 2516K [0x04600000, 0x0f120000, 0x19b50000)
  eden space 140288K,   1% used [0x04600000, 0x048753b8, 0x0cf00000)
  from space 17472K,   0% used [0x0e010000, 0x0e010000, 0x0f120000)
  to   space 17472K,   0% used [0x0cf00000, 0x0cf00000, 0x0e010000)
 tenured generation   total 349568K, used 51235K [0x19b50000, 0x2f0b0000, 0x44600000)
   the space 349568K,  14% used [0x19b50000, 0x1cd58d00, 0x1cd58e00, 0x2f0b0000)
 Metaspace       used 11579K, capacity 11793K, committed 11904K, reserved 12672K
Event: 1914.337 GC heap after
Heap after GC invocations=105498 (full 105051):
 def new generation   total 157760K, used 0K [0x04600000, 0x0f120000, 0x19b50000)
  eden space 140288K,   0% used [0x04600000, 0x04600000, 0x0cf00000)
  from space 17472K,   0% used [0x0e010000, 0x0e010000, 0x0f120000)
  to   space 17472K,   0% used [0x0cf00000, 0x0cf00000, 0x0e010000)
 tenured generation   total 349568K, used 51254K [0x19b50000, 0x2f0b0000, 0x44600000)
   the space 349568K,  14% used [0x19b50000, 0x1cd5d930, 0x1cd5da00, 0x2f0b0000)
 Metaspace       used 11579K, capacity 11793K, committed 11904K, reserved 12672K
}
Event: 1914.338 GC heap before
{Heap before GC invocations=105498 (full 105051):
 def new generation   total 157760K, used 1108K [0x04600000, 0x0f120000, 0x19b50000)
  eden space 140288K,   0% used [0x04600000, 0x04715300, 0x0cf00000)
  from space 17472K,   0% used [0x0e010000, 0x0e010000, 0x0f120000)
  to   space 17472K,   0% used [0x0cf00000, 0x0cf00000, 0x0e010000)
 tenured generation   total 349568K, used 51254K [0x19b50000, 0x2f0b0000, 0x44600000)
   the space 349568K,  14% used [0x19b50000, 0x1cd5d930, 0x1cd5da00, 0x2f0b0000)
 Metaspace       used 11579K, capacity 11793K, committed 11904K, reserved 12672K
Event: 1914.391 GC heap after
Heap after GC invocations=105499 (full 105052):
 def new generation   total 157760K, used 0K [0x04600000, 0x0f120000, 0x19b50000)
  eden space 140288K,   0% used [0x04600000, 0x04600000, 0x0cf00000)
  from space 17472K,   0% used [0x0e010000, 0x0e010000, 0x0f120000)
  to   space 17472K,   0% used [0x0cf00000, 0x0cf00000, 0x0e010000)
 tenured generation   total 349568K, used 51221K [0x19b50000, 0x2f0b0000, 0x44600000)
   the space 349568K,  14% used [0x19b50000, 0x1cd55420, 0x1cd55600, 0x2f0b0000)
 Metaspace       used 11579K, capacity 11793K, committed 11904K, reserved 12672K
}
Event: 1914.391 GC heap before
{Heap before GC invocations=105499 (full 105052):
 def new generation   total 157760K, used 823K [0x04600000, 0x0f120000, 0x19b50000)
  eden space 140288K,   0% used [0x04600000, 0x046cdf90, 0x0cf00000)
  from space 17472K,   0% used [0x0e010000, 0x0e010000, 0x0f120000)
  to   space 17472K,   0% used [0x0cf00000, 0x0cf00000, 0x0e010000)
 tenured generation   total 349568K, used 51221K [0x19b50000, 0x2f0b0000, 0x44600000)
   the space 349568K,  14% used [0x19b50000, 0x1cd55420, 0x1cd55600, 0x2f0b0000)
 Metaspace       used 11579K, capacity 11793K, committed 11904K, reserved 12672K

