# JRE version: Java(TM) SE Runtime Environment (8.0_121-b13) (build 1.8.0_121-b13)
# Java VM: Java HotSpot(TM) Client VM (25.121-b13 mixed mode windows-x86 )
Heap:
 def new generation   total 157440K, used 3131K [0x04800000, 0x0f2d0000, 0x19d50000)
  eden space 139968K,   2% used [0x04800000, 0x04b0ed28, 0x0d0b0000)
  from space 17472K,   0% used [0x0d0b0000, 0x0d0b0000, 0x0e1c0000)
  to   space 17472K,   0% used [0x0e1c0000, 0x0e1c0000, 0x0f2d0000)
 tenured generation   total 349568K, used 30412K [0x19d50000, 0x2f2b0000, 0x44800000)
   the space 349568K,   8% used [0x19d50000, 0x1bb032b0, 0x1bb03400, 0x2f2b0000)
 Metaspace       used 13898K, capacity 14186K, committed 14336K, reserved 14720K
GC Heap History (10 events):
Event: 815.799 GC heap before
{Heap before GC invocations=2271 (full 1309):
 def new generation   total 157440K, used 1130K [0x04800000, 0x0f2d0000, 0x19d50000)
  eden space 139968K,   0% used [0x04800000, 0x0491a910, 0x0d0b0000)
  from space 17472K,   0% used [0x0d0b0000, 0x0d0b0000, 0x0e1c0000)
  to   space 17472K,   0% used [0x0e1c0000, 0x0e1c0000, 0x0f2d0000)
 tenured generation   total 349568K, used 30411K [0x19d50000, 0x2f2b0000, 0x44800000)
   the space 349568K,   8% used [0x19d50000, 0x1bb02ff0, 0x1bb03000, 0x2f2b0000)
 Metaspace       used 13898K, capacity 14186K, committed 14336K, reserved 14720K
Event: 815.841 GC heap after
Heap after GC invocations=2272 (full 1310):
 def new generation   total 157440K, used 0K [0x04800000, 0x0f2d0000, 0x19d50000)
  eden space 139968K,   0% used [0x04800000, 0x04800000, 0x0d0b0000)
  from space 17472K,   0% used [0x0d0b0000, 0x0d0b0000, 0x0e1c0000)
  to   space 17472K,   0% used [0x0e1c0000, 0x0e1c0000, 0x0f2d0000)
 tenured generation   total 349568K, used 30412K [0x19d50000, 0x2f2b0000, 0x44800000)
   the space 349568K,   8% used [0x19d50000, 0x1bb031d0, 0x1bb03200, 0x2f2b0000)
 Metaspace       used 13898K, capacity 14186K, committed 14336K, reserved 14720K
}
Event: 815.841 GC heap before
{Heap before GC invocations=2272 (full 1310):
 def new generation   total 157440K, used 1088K [0x04800000, 0x0f2d0000, 0x19d50000)
  eden space 139968K,   0% used [0x04800000, 0x04910228, 0x0d0b0000)
  from space 17472K,   0% used [0x0d0b0000, 0x0d0b0000, 0x0e1c0000)
  to   space 17472K,   0% used [0x0e1c0000, 0x0e1c0000, 0x0f2d0000)
 tenured generation   total 349568K, used 30412K [0x19d50000, 0x2f2b0000, 0x44800000)
   the space 349568K,   8% used [0x19d50000, 0x1bb031d0, 0x1bb03200, 0x2f2b0000)
 Metaspace       used 13898K, capacity 14186K, committed 14336K, reserved 14720K
Event: 815.882 GC heap after
Heap after GC invocations=2273 (full 1311):
 def new generation   total 157440K, used 0K [0x04800000, 0x0f2d0000, 0x19d50000)
  eden space 139968K,   0% used [0x04800000, 0x04800000, 0x0d0b0000)
  from space 17472K,   0% used [0x0d0b0000, 0x0d0b0000, 0x0e1c0000)
  to   space 17472K,   0% used [0x0e1c0000, 0x0e1c0000, 0x0f2d0000)
 tenured generation   total 349568K, used 30412K [0x19d50000, 0x2f2b0000, 0x44800000)
   the space 349568K,   8% used [0x19d50000, 0x1bb03210, 0x1bb03400, 0x2f2b0000)
 Metaspace       used 13898K, capacity 14186K, committed 14336K, reserved 14720K
}
Event: 815.883 GC heap before
{Heap before GC invocations=2273 (full 1311):
 def new generation   total 157440K, used 1126K [0x04800000, 0x0f2d0000, 0x19d50000)
  eden space 139968K,   0% used [0x04800000, 0x04919968, 0x0d0b0000)
  from space 17472K,   0% used [0x0d0b0000, 0x0d0b0000, 0x0e1c0000)
  to   space 17472K,   0% used [0x0e1c0000, 0x0e1c0000, 0x0f2d0000)
 tenured generation   total 349568K, used 30412K [0x19d50000, 0x2f2b0000, 0x44800000)
   the space 349568K,   8% used [0x19d50000, 0x1bb03210, 0x1bb03400, 0x2f2b0000)
 Metaspace       used 13898K, capacity 14186K, committed 14336K, reserved 14720K
Event: 815.925 GC heap after
Heap after GC invocations=2274 (full 1312):
 def new generation   total 157440K, used 0K [0x04800000, 0x0f2d0000, 0x19d50000)
  eden space 139968K,   0% used [0x04800000, 0x04800000, 0x0d0b0000)
  from space 17472K,   0% used [0x0d0b0000, 0x0d0b0000, 0x0e1c0000)
  to   space 17472K,   0% used [0x0e1c0000, 0x0e1c0000, 0x0f2d0000)
 tenured generation   total 349568K, used 30412K [0x19d50000, 0x2f2b0000, 0x44800000)
   the space 349568K,   8% used [0x19d50000, 0x1bb03178, 0x1bb03200, 0x2f2b0000)
 Metaspace       used 13898K, capacity 14186K, committed 14336K, reserved 14720K
}
Event: 815.925 GC heap before
{Heap before GC invocations=2274 (full 1312):
 def new generation   total 157440K, used 3887K [0x04800000, 0x0f2d0000, 0x19d50000)
  eden space 139968K,   2% used [0x04800000, 0x04bcbf78, 0x0d0b0000)
  from space 17472K,   0% used [0x0d0b0000, 0x0d0b0000, 0x0e1c0000)
  to   space 17472K,   0% used [0x0e1c0000, 0x0e1c0000, 0x0f2d0000)
 tenured generation   total 349568K, used 30412K [0x19d50000, 0x2f2b0000, 0x44800000)
   the space 349568K,   8% used [0x19d50000, 0x1bb03178, 0x1bb03200, 0x2f2b0000)
 Metaspace       used 13898K, capacity 14186K, committed 14336K, reserved 14720K
Event: 815.967 GC heap after
Heap after GC invocations=2275 (full 1313):
 def new generation   total 157440K, used 0K [0x04800000, 0x0f2d0000, 0x19d50000)
  eden space 139968K,   0% used [0x04800000, 0x04800000, 0x0d0b0000)
  from space 17472K,   0% used [0x0d0b0000, 0x0d0b0000, 0x0e1c0000)
  to   space 17472K,   0% used [0x0e1c0000, 0x0e1c0000, 0x0f2d0000)
 tenured generation   total 349568K, used 30412K [0x19d50000, 0x2f2b0000, 0x44800000)
   the space 349568K,   8% used [0x19d50000, 0x1bb03208, 0x1bb03400, 0x2f2b0000)
 Metaspace       used 13898K, capacity 14186K, committed 14336K, reserved 14720K
}
Event: 815.967 GC heap before
{Heap before GC invocations=2275 (full 1313):
 def new generation   total 157440K, used 47K [0x04800000, 0x0f2d0000, 0x19d50000)
  eden space 139968K,   0% used [0x04800000, 0x0480bcd0, 0x0d0b0000)
  from space 17472K,   0% used [0x0d0b0000, 0x0d0b0000, 0x0e1c0000)
  to   space 17472K,   0% used [0x0e1c0000, 0x0e1c0000, 0x0f2d0000)
 tenured generation   total 349568K, used 30412K [0x19d50000, 0x2f2b0000, 0x44800000)
   the space 349568K,   8% used [0x19d50000, 0x1bb03208, 0x1bb03400, 0x2f2b0000)
 Metaspace       used 13898K, capacity 14186K, committed 14336K, reserved 14720K
Event: 816.009 GC heap after
Heap after GC invocations=2276 (full 1314):
 def new generation   total 157440K, used 0K [0x04800000, 0x0f2d0000, 0x19d50000)
  eden space 139968K,   0% used [0x04800000, 0x04800000, 0x0d0b0000)
  from space 17472K,   0% used [0x0d0b0000, 0x0d0b0000, 0x0e1c0000)
  to   space 17472K,   0% used [0x0e1c0000, 0x0e1c0000, 0x0f2d0000)
 tenured generation   total 349568K, used 30412K [0x19d50000, 0x2f2b0000, 0x44800000)
   the space 349568K,   8% used [0x19d50000, 0x1bb032b0, 0x1bb03400, 0x2f2b0000)
 Metaspace       used 13898K, capacity 14186K, committed 14336K, reserved 14720K
}

